Users/Sherwin/Desktop/WencurrencyConverter/app/build/outputs/logs/manifest-merger-debug-report.txt
-- Merging decision tree log ---
manifest
ADDED from src\main\AndroidManifest.xml:1:1-22:12
	package
		ADDED from src\main\AndroidManifest.xml:2:5-42
		INJECTED from src\main\AndroidManifest.xml
		INJECTED from src\main\AndroidManifest.xml
	android:versionName
		INJECTED from src\main\AndroidManifest.xml
		INJECTED from src\main\AndroidManifest.xml
	xmlns:android
		ADDED from src\main\AndroidManifest.xml:1:11-69
	android:versionCode
		INJECTED from src\main\AndroidManifest.xml
		INJECTED from src\main\AndroidManifest.xml
application
ADDED from src\main\AndroidManifest.xml:4:5-20:19
MERGED from [com.android.support:appcompat-v7:23.1.1] AndroidManifest.xml:22:5-20
MERGED from [com.android.support:support-v4:23.1.1] AndroidManifest.xml:22:5-20
MERGED from [com.android.support:support-v4:23.1.1] AndroidManifest.xml:22:5-20
MERGED from [com.android.support:cardview-v7:23.1.1] AndroidManifest.xml:22:5-20
MERGED from [com.android.support:support-v4:23.1.1] AndroidManifest.xml:22:5-20
MERGED from [com.android.support:design:23.1.1] AndroidManifest.xml:22:5-20
MERGED from [com.android.support:appcompat-v7:23.1.1] AndroidManifest.xml:22:5-20
MERGED from [com.android.support:support-v4:23.1.1] AndroidManifest.xml:22:5-20
MERGED from [com.android.support:support-v4:23.1.1] AndroidManifest.xml:22:5-20
MERGED from [com.android.support:support-v4:23.1.1] AndroidManifest.xml:22:5-20
MERGED from [com.flyco.roundview:FlycoRoundView_Lib:1.1.2] AndroidManifest.xml:11:5-14:19
MERGED from [com.flyco.tablayout:FlycoTabLayout_Lib:1.5.0] AndroidManifest.xml:11:5-14:19
MERGED from [com.koushikdutta.ion:ion:2.1.7] AndroidManifest.xml:13:5-14:19
MERGED from [com.koushikdutta.async:androidasync:2.1.7] AndroidManifest.xml:13:5-14:19
	android:label
		ADDED from src\main\AndroidManifest.xml:7:9-41
	android:supportsRtl
		ADDED from src\main\AndroidManifest.xml:8:9-35
	android:allowBackup
		ADDED from src\main\AndroidManifest.xml:5:9-35
	android:icon
		ADDED from src\main\AndroidManifest.xml:6:9-43
	android:theme
		ADDED from src\main\AndroidManifest.xml:9:9-40
activity#com.sp.wencurrencyconverter.activities.MainActivity
ADDED from src\main\AndroidManifest.xml:11:9-18:20
	android:theme
		ADDED from src\main\AndroidManifest.xml:12:19-62
	android:name
		ADDED from src\main\AndroidManifest.xml:11:19-58
intent-filter#android.intent.action.MAIN+android.intent.category.LAUNCHER
ADDED from src\main\AndroidManifest.xml:14:13-17:29
action#android.intent.action.MAIN
ADDED from src\main\AndroidManifest.xml:15:17-68
	android:name
		ADDED from src\main\AndroidManifest.xml:15:25-66
category#android.intent.category.LAUNCHER
ADDED from src\main\AndroidManifest.xml:16:17-77
	android:name
		ADDED from src\main\AndroidManifest.xml:16:27-74
activity#com.sp.wencurrencyconverter.activities.AppPreferences
ADDED from src\main\AndroidManifest.xml:19:9-62
	android:name
		ADDED from src\main\AndroidManifest.xml:19:19-60
uses-sdk
INJECTED from src\main\AndroidManifest.xml reason: use-sdk injection requested
MERGED from [com.android.support:appcompat-v7:23.1.1] AndroidManifest.xml:20:5-43
MERGED from [com.android.support:support-v4:23.1.1] AndroidManifest.xml:20:5-43
MERGED from [com.android.support:recyclerview-v7:23.1.1] AndroidManifest.xml:20:5-43
MERGED from [com.android.support:support-v4:23.1.1] AndroidManifest.xml:20:5-43
MERGED from [com.android.support:cardview-v7:23.1.1] AndroidManifest.xml:20:5-43
MERGED from [com.android.support:support-v4:23.1.1] AndroidManifest.xml:20:5-43
MERGED from [com.android.support:design:23.1.1] AndroidManifest.xml:20:5-43
MERGED from [com.android.support:appcompat-v7:23.1.1] AndroidManifest.xml:20:5-43
MERGED from [com.android.support:support-v4:23.1.1] AndroidManifest.xml:20:5-43
MERGED from [com.android.support:recyclerview-v7:23.1.1] AndroidManifest.xml:20:5-43
MERGED from [com.android.support:support-v4:23.1.1] AndroidManifest.xml:20:5-43
MERGED from [com.android.support:support-v4:23.1.1] AndroidManifest.xml:20:5-43
MERGED from [com.flyco.roundview:FlycoRoundView_Lib:1.1.2] AndroidManifest.xml:7:5-9:41
MERGED from [com.flyco.tablayout:FlycoTabLayout_Lib:1.5.0] AndroidManifest.xml:7:5-9:41
MERGED from [com.diogobernardino:williamchart:2.2] AndroidManifest.xml:6:5-8:41
MERGED from [com.koushikdutta.ion:ion:2.1.7] AndroidManifest.xml:7:5-9:41
MERGED from [com.koushikdutta.async:androidasync:2.1.7] AndroidManifest.xml:7:5-9:41
	android:targetSdkVersion
		INJECTED from src\main\AndroidManifest.xml
		INJECTED from src\main\AndroidManifest.xml
	android:minSdkVersion
		INJECTED from src\main\AndroidManifest.xml
		INJECTED from src\main\AndroidManifest.xml
uses-permission#android.permission.INTERNET
ADDED from [com.koushikdutta.ion:ion:2.1.7] AndroidManifest.xml:11:5-67
MERGED from [com.koushikdutta.async:androidasync:2.1.7] AndroidManifest.xml:11:5-67
	android:name
		ADDED from [com.koushikdutta.ion:ion:2.1.7] AndroidManifest.xml:11:22-64